29-Dec-2022 14:01:50.635 INFORMACIÓN [main] org.apache.catalina.startup.VersionLoggerListener.log Nombre de la versión del servidor: Apache Tomcat/10.0.27
29-Dec-2022 14:01:50.652 INFORMACIÓN [main] org.apache.catalina.startup.VersionLoggerListener.log Server built:                      Oct 3 2022 14:18:31 UTC
29-Dec-2022 14:01:50.653 INFORMACIÓN [main] org.apache.catalina.startup.VersionLoggerListener.log Número de versión de servidor:     10.0.27.0
29-Dec-2022 14:01:50.653 INFORMACIÓN [main] org.apache.catalina.startup.VersionLoggerListener.log OS Name:                           Windows 11
29-Dec-2022 14:01:50.653 INFORMACIÓN [main] org.apache.catalina.startup.VersionLoggerListener.log Versión de Systema Operativo:      10.0
29-Dec-2022 14:01:50.653 INFORMACIÓN [main] org.apache.catalina.startup.VersionLoggerListener.log Arquitectura:                      amd64
29-Dec-2022 14:01:50.653 INFORMACIÓN [main] org.apache.catalina.startup.VersionLoggerListener.log Java Home:                         C:\Program Files\Eclipse Adoptium\jdk-17.0.5.8-hotspot
29-Dec-2022 14:01:50.654 INFORMACIÓN [main] org.apache.catalina.startup.VersionLoggerListener.log JVM Version:                       17.0.5+8
29-Dec-2022 14:01:50.654 INFORMACIÓN [main] org.apache.catalina.startup.VersionLoggerListener.log Vededor JVM:                       Eclipse Adoptium
29-Dec-2022 14:01:50.654 INFORMACIÓN [main] org.apache.catalina.startup.VersionLoggerListener.log CATALINA_BASE:                     C:\Program Files\Apache Software Foundation\Tomcat 10.0
29-Dec-2022 14:01:50.654 INFORMACIÓN [main] org.apache.catalina.startup.VersionLoggerListener.log CATALINA_HOME:                     C:\Program Files\Apache Software Foundation\Tomcat 10.0
29-Dec-2022 14:01:50.671 INFORMACIÓN [main] org.apache.catalina.startup.VersionLoggerListener.log Command line argument:             --add-opens=java.base/java.lang=ALL-UNNAMED
29-Dec-2022 14:01:50.671 INFORMACIÓN [main] org.apache.catalina.startup.VersionLoggerListener.log Command line argument:             --add-opens=java.base/java.io=ALL-UNNAMED
29-Dec-2022 14:01:50.671 INFORMACIÓN [main] org.apache.catalina.startup.VersionLoggerListener.log Command line argument:             --add-opens=java.base/java.util=ALL-UNNAMED
29-Dec-2022 14:01:50.672 INFORMACIÓN [main] org.apache.catalina.startup.VersionLoggerListener.log Command line argument:             --add-opens=java.base/java.util.concurrent=ALL-UNNAMED
29-Dec-2022 14:01:50.672 INFORMACIÓN [main] org.apache.catalina.startup.VersionLoggerListener.log Command line argument:             --add-opens=java.rmi/sun.rmi.transport=ALL-UNNAMED
29-Dec-2022 14:01:50.672 INFORMACIÓN [main] org.apache.catalina.startup.VersionLoggerListener.log Command line argument:             -Djava.util.logging.config.file=C:\Program Files\Apache Software Foundation\Tomcat 10.0\conf\logging.properties
29-Dec-2022 14:01:50.672 INFORMACIÓN [main] org.apache.catalina.startup.VersionLoggerListener.log Command line argument:             -Djava.util.logging.manager=org.apache.juli.ClassLoaderLogManager
29-Dec-2022 14:01:50.672 INFORMACIÓN [main] org.apache.catalina.startup.VersionLoggerListener.log Command line argument:             -Dhttp.nonProxyHosts=localhost|127.0.0.1|CECILIO
29-Dec-2022 14:01:50.673 INFORMACIÓN [main] org.apache.catalina.startup.VersionLoggerListener.log Command line argument:             -Djdk.tls.ephemeralDHKeySize=2048
29-Dec-2022 14:01:50.673 INFORMACIÓN [main] org.apache.catalina.startup.VersionLoggerListener.log Command line argument:             -Djava.protocol.handler.pkgs=org.apache.catalina.webresources
29-Dec-2022 14:01:50.673 INFORMACIÓN [main] org.apache.catalina.startup.VersionLoggerListener.log Command line argument:             -Dignore.endorsed.dirs=
29-Dec-2022 14:01:50.673 INFORMACIÓN [main] org.apache.catalina.startup.VersionLoggerListener.log Command line argument:             -Dcatalina.base=C:\Program Files\Apache Software Foundation\Tomcat 10.0
29-Dec-2022 14:01:50.673 INFORMACIÓN [main] org.apache.catalina.startup.VersionLoggerListener.log Command line argument:             -Dcatalina.home=C:\Program Files\Apache Software Foundation\Tomcat 10.0
29-Dec-2022 14:01:50.716 INFORMACIÓN [main] org.apache.catalina.startup.VersionLoggerListener.log Command line argument:             -Djava.io.tmpdir=C:\Program Files\Apache Software Foundation\Tomcat 10.0\temp
29-Dec-2022 14:01:50.728 INFORMACIÓN [main] org.apache.catalina.core.AprLifecycleListener.lifecycleEvent La biblioteca nativa de Apache Tomcat basada en ARP que permite un rendimiento óptimo en entornos de desarrollo no ha sido hallada en java.library.path: [C:\Program Files\Eclipse Adoptium\jdk-17.0.5.8-hotspot\bin;C:\WINDOWS\Sun\Java\bin;C:\WINDOWS\system32;C:\WINDOWS;C:\Program Files\Common Files\Oracle\Java\javapath;C:\Program Files\Eclipse Adoptium\jdk-17.0.5.8-hotspot\bin;C:\WINDOWS\system32;C:\WINDOWS;C:\WINDOWS\System32\Wbem;C:\WINDOWS\System32\WindowsPowerShell\v1.0\;C:\WINDOWS\System32\OpenSSH\;C:\Program Files\Git\cmd;C:\Program Files\nodejs\;C:\Program Files\MongoDB\Server\6.0\bin;C:\Program Files\Java\jdk-19\bin;C:\Program Files\MySQL\MySQL Server 8.0\bin;D:\NetBeans-15\netbeans\bin;C:\Program Files\Apache Software Foundation\Tomcat 10.0\bin;C:\Program Files\Java\jdk-19\bin;C:\Users\GERMAN\AppData\Local\Programs\Python\Python310\Scripts\;C:\Users\GERMAN\AppData\Local\Programs\Python\Python310\;C:\Users\GERMAN\AppData\Local\Microsoft\WindowsApps;D:\Microsoft VS Code\bin;C:\Users\GERMAN\AppData\Local\GitHubDesktop\bin;C:\Users\GERMAN\AppData\Roaming\npm;C:\Program Files\Java\jdk-19\bin;;.]
29-Dec-2022 14:01:51.513 INFORMACIÓN [main] org.apache.coyote.AbstractProtocol.init Inicializando el manejador de protocolo ["http-nio-8080"]

29-Dec-2022 14:01:51.720 INFORMACIÓN [main] org.apache.catalina.startup.Catalina.load Server initialization in [2485] milliseconds
29-Dec-2022 14:01:52.121 INFORMACIÓN [main] org.apache.catalina.core.StandardService.startInternal Arrancando servicio [Catalina]
29-Dec-2022 14:01:52.121 INFORMACIÓN [main] org.apache.catalina.core.StandardEngine.startInternal Starting Servlet engine: [Apache Tomcat/10.0.27]
29-Dec-2022 14:01:52.148 INFORMACIÓN [main] org.apache.catalina.startup.HostConfig.deployDirectory Desplegando el directorio [C:\Program Files\Apache Software Foundation\Tomcat 10.0\webapps\docs] de la aplicación web
29-Dec-2022 14:01:53.616 INFORMACIÓN [main] org.apache.catalina.startup.HostConfig.deployDirectory Deployment of web application directory [C:\Program Files\Apache Software Foundation\Tomcat 10.0\webapps\docs] has finished in [1.464] ms
29-Dec-2022 14:01:53.617 INFORMACIÓN [main] org.apache.catalina.startup.HostConfig.deployDirectory Desplegando el directorio [C:\Program Files\Apache Software Foundation\Tomcat 10.0\webapps\manager] de la aplicación web
29-Dec-2022 14:01:53.809 INFORMACIÓN [main] org.apache.catalina.startup.HostConfig.deployDirectory Deployment of web application directory [C:\Program Files\Apache Software Foundation\Tomcat 10.0\webapps\manager] has finished in [192] ms
29-Dec-2022 14:01:53.810 INFORMACIÓN [main] org.apache.catalina.startup.HostConfig.deployDirectory Desplegando el directorio [C:\Program Files\Apache Software Foundation\Tomcat 10.0\webapps\ROOT] de la aplicación web
29-Dec-2022 14:01:53.892 INFORMACIÓN [main] org.apache.catalina.startup.HostConfig.deployDirectory Deployment of web application directory [C:\Program Files\Apache Software Foundation\Tomcat 10.0\webapps\ROOT] has finished in [81] ms
29-Dec-2022 14:01:53.896 INFORMACIÓN [main] org.apache.coyote.AbstractProtocol.start Starting ProtocolHandler ["http-nio-8080"]
29-Dec-2022 14:01:54.177 INFORMACIÓN [main] org.apache.catalina.startup.Catalina.start Server startup in [2456] milliseconds
29-Dec-2022 14:03:56.561 GRAVE [main] org.apache.catalina.startup.Catalina.stopServer No se ha configurado puerto de apagado. Apagando el servidor a través de señal de SO. Servidor no apagado.
29-Dec-2022 14:04:41.776 GRAVE [main] org.apache.catalina.startup.Catalina.stopServer No se ha configurado puerto de apagado. Apagando el servidor a través de señal de SO. Servidor no apagado.
29-Dec-2022 14:14:33.958 GRAVE [main] org.apache.catalina.startup.Catalina.stopServer No se ha configurado puerto de apagado. Apagando el servidor a través de señal de SO. Servidor no apagado.
29-Dec-2022 14:18:20.216 GRAVE [main] org.apache.catalina.startup.Catalina.stopServer No se ha configurado puerto de apagado. Apagando el servidor a través de señal de SO. Servidor no apagado.
